2017/02/08 14:55:33 heroku-cli/5.6.8-9647e01 (linux-amd64) go1.7.4 /usr/lib/heroku/bin/heroku
2017/02/08 14:55:33 Email: 
2017/02/08 14:57:11 triggering background update
2017/02/08 14:57:11 heroku-cli/5.6.8-9647e01 (linux-amd64) go1.7.4 /usr/lib/heroku/bin/heroku cmd: update
2017/02/08 14:57:15 heroku-cli: Updating plugins...
2017/02/08 14:57:15  done
2017/02/08 14:57:42 heroku-cli/5.6.8-9647e01 (linux-amd64) go1.7.4 /usr/lib/heroku/bin/heroku cmd: keys:add
2017/02/08 15:05:30 heroku-cli/5.6.8-9647e01 (linux-amd64) go1.7.4 /usr/lib/heroku/bin/heroku cmd: create
2017/02/08 15:06:36 heroku-cli/5.6.8-9647e01 (linux-amd64) go1.7.4 /usr/lib/heroku/bin/heroku cmd: rename
2017/02/08 15:06:36  ▸    Error: No app specified
 ▸    Usage: heroku rename NEWNAME --app APP
 ▸    We don't know which app to run this on.
 ▸    Run this command from inside an app folder or specify which app to use with --app APP
 ▸    
 ▸    https://devcenter.heroku.com/articles/using-the-cli#app-commands
2017/02/08 15:07:48 heroku-cli/5.6.8-9647e01 (linux-amd64) go1.7.4 /usr/lib/heroku/bin/heroku cmd: buildpacks:set
2017/02/08 15:07:48  ▸    Error: No app specified
 ▸    Usage: heroku buildpacks:set URL --app APP
 ▸    We don't know which app to run this on.
 ▸    Run this command from inside an app folder or specify which app to use with --app APP
 ▸    
 ▸    https://devcenter.heroku.com/articles/using-the-cli#app-commands
2017/02/08 15:08:05 heroku-cli/5.6.8-9647e01 (linux-amd64) go1.7.4 /usr/lib/heroku/bin/heroku cmd: buildpacks:set
2017/02/08 15:08:05  ▸    Error: No app specified
 ▸    Usage: heroku buildpacks:set URL --app APP
 ▸    We don't know which app to run this on.
 ▸    Run this command from inside an app folder or specify which app to use with --app APP
 ▸    
 ▸    https://devcenter.heroku.com/articles/using-the-cli#app-commands
2017/02/08 15:08:55 heroku-cli/5.6.8-9647e01 (linux-amd64) go1.7.4 /usr/lib/heroku/bin/heroku
